2023-08-30T12:53:56.726-05:00  INFO 32048 --- [restartedMain] o.s.FieldDay.FieldDayApplication         : Starting FieldDayApplication using Java 20.0.1 with PID 32048 (C:\Users\seanc\intellij-workspace\FieldDay\target\classes started by seanc in C:\Users\seanc\intellij-workspace\FieldDay)
2023-08-30T12:53:56.733-05:00  INFO 32048 --- [restartedMain] o.s.FieldDay.FieldDayApplication         : No active profile set, falling back to 1 default profile: "default"
2023-08-30T12:53:56.771-05:00  INFO 32048 --- [restartedMain] .e.DevToolsPropertyDefaultsPostProcessor : Devtools property defaults active! Set 'spring.devtools.add-properties' to 'false' to disable
2023-08-30T12:53:56.771-05:00  INFO 32048 --- [restartedMain] .e.DevToolsPropertyDefaultsPostProcessor : For additional web related logging consider setting the 'logging.level.web' property to 'DEBUG'
2023-08-30T12:53:57.514-05:00  INFO 32048 --- [restartedMain] .s.d.r.c.RepositoryConfigurationDelegate : Multiple Spring Data modules found, entering strict repository configuration mode
2023-08-30T12:53:57.515-05:00  INFO 32048 --- [restartedMain] .s.d.r.c.RepositoryConfigurationDelegate : Bootstrapping Spring Data JDBC repositories in DEFAULT mode.
2023-08-30T12:53:57.543-05:00  INFO 32048 --- [restartedMain] .RepositoryConfigurationExtensionSupport : Spring Data JDBC - Could not safely identify store assignment for repository candidate interface org.seancorbett.FieldDay.repository.EventRepository; If you want this repository to be a JDBC repository, consider annotating your entities with one of these annotations: org.springframework.data.relational.core.mapping.Table.
2023-08-30T12:53:57.544-05:00  INFO 32048 --- [restartedMain] .RepositoryConfigurationExtensionSupport : Spring Data JDBC - Could not safely identify store assignment for repository candidate interface org.seancorbett.FieldDay.repository.HostRepository; If you want this repository to be a JDBC repository, consider annotating your entities with one of these annotations: org.springframework.data.relational.core.mapping.Table.
2023-08-30T12:53:57.545-05:00  INFO 32048 --- [restartedMain] .RepositoryConfigurationExtensionSupport : Spring Data JDBC - Could not safely identify store assignment for repository candidate interface org.seancorbett.FieldDay.repository.RoleRepository; If you want this repository to be a JDBC repository, consider annotating your entities with one of these annotations: org.springframework.data.relational.core.mapping.Table.
2023-08-30T12:53:57.546-05:00  INFO 32048 --- [restartedMain] .RepositoryConfigurationExtensionSupport : Spring Data JDBC - Could not safely identify store assignment for repository candidate interface org.seancorbett.FieldDay.repository.UserRepository; If you want this repository to be a JDBC repository, consider annotating your entities with one of these annotations: org.springframework.data.relational.core.mapping.Table.
2023-08-30T12:53:57.546-05:00  INFO 32048 --- [restartedMain] .s.d.r.c.RepositoryConfigurationDelegate : Finished Spring Data repository scanning in 27 ms. Found 0 JDBC repository interfaces.
2023-08-30T12:53:57.553-05:00  INFO 32048 --- [restartedMain] .s.d.r.c.RepositoryConfigurationDelegate : Multiple Spring Data modules found, entering strict repository configuration mode
2023-08-30T12:53:57.554-05:00  INFO 32048 --- [restartedMain] .s.d.r.c.RepositoryConfigurationDelegate : Bootstrapping Spring Data JPA repositories in DEFAULT mode.
2023-08-30T12:53:57.585-05:00  INFO 32048 --- [restartedMain] .s.d.r.c.RepositoryConfigurationDelegate : Finished Spring Data repository scanning in 28 ms. Found 4 JPA repository interfaces.
2023-08-30T12:53:57.835-05:00  INFO 32048 --- [restartedMain] trationDelegate$BeanPostProcessorChecker : Bean 'org.springframework.ws.config.annotation.DelegatingWsConfiguration' of type [org.springframework.ws.config.annotation.DelegatingWsConfiguration$$SpringCGLIB$$0] is not eligible for getting processed by all BeanPostProcessors (for example: not eligible for auto-proxying)
2023-08-30T12:53:57.861-05:00  INFO 32048 --- [restartedMain] .w.s.a.s.AnnotationActionEndpointMapping : Supporting [WS-Addressing August 2004, WS-Addressing 1.0]
2023-08-30T12:53:58.285-05:00  INFO 32048 --- [restartedMain] o.s.b.w.embedded.tomcat.TomcatWebServer  : Tomcat initialized with port(s): 8081 (http)
2023-08-30T12:53:58.297-05:00  INFO 32048 --- [restartedMain] o.apache.catalina.core.StandardService   : Starting service [Tomcat]
2023-08-30T12:53:58.297-05:00  INFO 32048 --- [restartedMain] o.apache.catalina.core.StandardEngine    : Starting Servlet engine: [Apache Tomcat/10.1.11]
2023-08-30T12:53:58.354-05:00  INFO 32048 --- [restartedMain] o.a.c.c.C.[Tomcat].[localhost].[/]       : Initializing Spring embedded WebApplicationContext
2023-08-30T12:53:58.354-05:00  INFO 32048 --- [restartedMain] w.s.c.ServletWebServerApplicationContext : Root WebApplicationContext: initialization completed in 1582 ms
2023-08-30T12:53:58.593-05:00  INFO 32048 --- [restartedMain] com.zaxxer.hikari.HikariDataSource       : HikariPool-1 - Starting...
2023-08-30T12:53:58.874-05:00  INFO 32048 --- [restartedMain] com.zaxxer.hikari.pool.HikariPool        : HikariPool-1 - Added connection com.mysql.cj.jdbc.ConnectionImpl@1ae50682
2023-08-30T12:53:58.876-05:00  INFO 32048 --- [restartedMain] com.zaxxer.hikari.HikariDataSource       : HikariPool-1 - Start completed.
2023-08-30T12:53:58.967-05:00  INFO 32048 --- [restartedMain] o.hibernate.jpa.internal.util.LogHelper  : HHH000204: Processing PersistenceUnitInfo [name: default]
2023-08-30T12:53:59.012-05:00  INFO 32048 --- [restartedMain] org.hibernate.Version                    : HHH000412: Hibernate ORM core version 6.1.7.Final
2023-08-30T12:53:59.317-05:00  INFO 32048 --- [restartedMain] SQL dialect                              : HHH000400: Using dialect: org.hibernate.dialect.MySQLDialect
2023-08-30T12:53:59.997-05:00  INFO 32048 --- [restartedMain] o.h.e.t.j.p.i.JtaPlatformInitiator       : HHH000490: Using JtaPlatform implementation: [org.hibernate.engine.transaction.jta.platform.internal.NoJtaPlatform]
2023-08-30T12:54:00.003-05:00  INFO 32048 --- [restartedMain] j.LocalContainerEntityManagerFactoryBean : Initialized JPA EntityManagerFactory for persistence unit 'default'
2023-08-30T12:54:00.274-05:00  INFO 32048 --- [restartedMain] o.s.d.j.r.query.QueryEnhancerFactory     : Hibernate is in classpath; If applicable, HQL parser will be used.
2023-08-30T12:54:00.454-05:00  WARN 32048 --- [restartedMain] JpaBaseConfiguration$JpaWebConfiguration : spring.jpa.open-in-view is enabled by default. Therefore, database queries may be performed during view rendering. Explicitly configure spring.jpa.open-in-view to disable this warning
2023-08-30T12:54:00.537-05:00  INFO 32048 --- [restartedMain] o.s.s.web.DefaultSecurityFilterChain     : Will secure any request with [org.springframework.security.web.session.DisableEncodeUrlFilter@79dd227, org.springframework.security.web.context.request.async.WebAsyncManagerIntegrationFilter@57312303, org.springframework.security.web.context.SecurityContextHolderFilter@476e5b58, org.springframework.security.web.header.HeaderWriterFilter@19628099, org.springframework.security.web.authentication.logout.LogoutFilter@40f512f5, org.springframework.security.web.authentication.UsernamePasswordAuthenticationFilter@b7e34d8, org.springframework.security.web.savedrequest.RequestCacheAwareFilter@73419fd3, org.springframework.security.web.servletapi.SecurityContextHolderAwareRequestFilter@29b59663, org.springframework.security.web.authentication.AnonymousAuthenticationFilter@2d1315c9, org.springframework.security.web.access.ExceptionTranslationFilter@570db382, org.springframework.security.web.access.intercept.AuthorizationFilter@42924dca]
2023-08-30T12:54:01.146-05:00  INFO 32048 --- [restartedMain] o.s.b.d.a.OptionalLiveReloadServer       : LiveReload server is running on port 35729
2023-08-30T12:54:01.152-05:00  INFO 32048 --- [restartedMain] o.s.b.a.e.web.EndpointLinksResolver      : Exposing 1 endpoint(s) beneath base path '/actuator'
2023-08-30T12:54:01.214-05:00  INFO 32048 --- [restartedMain] o.s.b.w.embedded.tomcat.TomcatWebServer  : Tomcat started on port(s): 8081 (http) with context path ''
2023-08-30T12:54:01.224-05:00  INFO 32048 --- [restartedMain] o.s.FieldDay.FieldDayApplication         : Started FieldDayApplication in 4.913 seconds (process running for 5.285)
2023-08-30T12:54:07.610-05:00  INFO 32048 --- [http-nio-8081-exec-1] o.a.c.c.C.[Tomcat].[localhost].[/]       : Initializing Spring DispatcherServlet 'dispatcherServlet'
2023-08-30T12:54:07.611-05:00  INFO 32048 --- [http-nio-8081-exec-1] o.s.web.servlet.DispatcherServlet        : Initializing Servlet 'dispatcherServlet'
2023-08-30T12:54:07.612-05:00  INFO 32048 --- [http-nio-8081-exec-1] o.s.web.servlet.DispatcherServlet        : Completed initialization in 1 ms
2023-08-30T12:54:07.650-05:00  INFO 32048 --- [http-nio-8081-exec-1] o.s.F.controller.UserAuthController      : Login successful
2023-08-30T12:54:07.896-05:00  INFO 32048 --- [http-nio-8081-exec-4] o.s.F.controller.UserAuthController      : Login successful
2023-08-30T12:57:15.341-05:00  INFO 32048 --- [SpringApplicationShutdownHook] j.LocalContainerEntityManagerFactoryBean : Closing JPA EntityManagerFactory for persistence unit 'default'
2023-08-30T12:57:15.344-05:00  INFO 32048 --- [SpringApplicationShutdownHook] com.zaxxer.hikari.HikariDataSource       : HikariPool-1 - Shutdown initiated...
2023-08-30T12:57:15.348-05:00  INFO 32048 --- [SpringApplicationShutdownHook] com.zaxxer.hikari.HikariDataSource       : HikariPool-1 - Shutdown completed.
2023-08-30T12:57:16.996-05:00  INFO 16296 --- [restartedMain] o.s.FieldDay.FieldDayApplication         : Starting FieldDayApplication using Java 20.0.1 with PID 16296 (C:\Users\seanc\intellij-workspace\FieldDay\target\classes started by seanc in C:\Users\seanc\intellij-workspace\FieldDay)
2023-08-30T12:57:16.997-05:00  INFO 16296 --- [restartedMain] o.s.FieldDay.FieldDayApplication         : No active profile set, falling back to 1 default profile: "default"
2023-08-30T12:57:17.032-05:00  INFO 16296 --- [restartedMain] .e.DevToolsPropertyDefaultsPostProcessor : Devtools property defaults active! Set 'spring.devtools.add-properties' to 'false' to disable
2023-08-30T12:57:17.032-05:00  INFO 16296 --- [restartedMain] .e.DevToolsPropertyDefaultsPostProcessor : For additional web related logging consider setting the 'logging.level.web' property to 'DEBUG'
2023-08-30T12:57:17.797-05:00  INFO 16296 --- [restartedMain] .s.d.r.c.RepositoryConfigurationDelegate : Multiple Spring Data modules found, entering strict repository configuration mode
2023-08-30T12:57:17.798-05:00  INFO 16296 --- [restartedMain] .s.d.r.c.RepositoryConfigurationDelegate : Bootstrapping Spring Data JDBC repositories in DEFAULT mode.
2023-08-30T12:57:17.827-05:00  INFO 16296 --- [restartedMain] .RepositoryConfigurationExtensionSupport : Spring Data JDBC - Could not safely identify store assignment for repository candidate interface org.seancorbett.FieldDay.repository.EventRepository; If you want this repository to be a JDBC repository, consider annotating your entities with one of these annotations: org.springframework.data.relational.core.mapping.Table.
2023-08-30T12:57:17.828-05:00  INFO 16296 --- [restartedMain] .RepositoryConfigurationExtensionSupport : Spring Data JDBC - Could not safely identify store assignment for repository candidate interface org.seancorbett.FieldDay.repository.HostRepository; If you want this repository to be a JDBC repository, consider annotating your entities with one of these annotations: org.springframework.data.relational.core.mapping.Table.
2023-08-30T12:57:17.829-05:00  INFO 16296 --- [restartedMain] .RepositoryConfigurationExtensionSupport : Spring Data JDBC - Could not safely identify store assignment for repository candidate interface org.seancorbett.FieldDay.repository.RoleRepository; If you want this repository to be a JDBC repository, consider annotating your entities with one of these annotations: org.springframework.data.relational.core.mapping.Table.
2023-08-30T12:57:17.831-05:00  INFO 16296 --- [restartedMain] .RepositoryConfigurationExtensionSupport : Spring Data JDBC - Could not safely identify store assignment for repository candidate interface org.seancorbett.FieldDay.repository.UserRepository; If you want this repository to be a JDBC repository, consider annotating your entities with one of these annotations: org.springframework.data.relational.core.mapping.Table.
2023-08-30T12:57:17.831-05:00  INFO 16296 --- [restartedMain] .s.d.r.c.RepositoryConfigurationDelegate : Finished Spring Data repository scanning in 30 ms. Found 0 JDBC repository interfaces.
2023-08-30T12:57:17.839-05:00  INFO 16296 --- [restartedMain] .s.d.r.c.RepositoryConfigurationDelegate : Multiple Spring Data modules found, entering strict repository configuration mode
2023-08-30T12:57:17.839-05:00  INFO 16296 --- [restartedMain] .s.d.r.c.RepositoryConfigurationDelegate : Bootstrapping Spring Data JPA repositories in DEFAULT mode.
2023-08-30T12:57:17.865-05:00  INFO 16296 --- [restartedMain] .s.d.r.c.RepositoryConfigurationDelegate : Finished Spring Data repository scanning in 23 ms. Found 4 JPA repository interfaces.
2023-08-30T12:57:18.131-05:00  INFO 16296 --- [restartedMain] trationDelegate$BeanPostProcessorChecker : Bean 'org.springframework.ws.config.annotation.DelegatingWsConfiguration' of type [org.springframework.ws.config.annotation.DelegatingWsConfiguration$$SpringCGLIB$$0] is not eligible for getting processed by all BeanPostProcessors (for example: not eligible for auto-proxying)
2023-08-30T12:57:18.160-05:00  INFO 16296 --- [restartedMain] .w.s.a.s.AnnotationActionEndpointMapping : Supporting [WS-Addressing August 2004, WS-Addressing 1.0]
2023-08-30T12:57:18.599-05:00  INFO 16296 --- [restartedMain] o.s.b.w.embedded.tomcat.TomcatWebServer  : Tomcat initialized with port(s): 8081 (http)
2023-08-30T12:57:18.609-05:00  INFO 16296 --- [restartedMain] o.apache.catalina.core.StandardService   : Starting service [Tomcat]
2023-08-30T12:57:18.609-05:00  INFO 16296 --- [restartedMain] o.apache.catalina.core.StandardEngine    : Starting Servlet engine: [Apache Tomcat/10.1.11]
2023-08-30T12:57:18.664-05:00  INFO 16296 --- [restartedMain] o.a.c.c.C.[Tomcat].[localhost].[/]       : Initializing Spring embedded WebApplicationContext
2023-08-30T12:57:18.665-05:00  INFO 16296 --- [restartedMain] w.s.c.ServletWebServerApplicationContext : Root WebApplicationContext: initialization completed in 1632 ms
2023-08-30T12:57:18.920-05:00  INFO 16296 --- [restartedMain] com.zaxxer.hikari.HikariDataSource       : HikariPool-1 - Starting...
2023-08-30T12:57:19.198-05:00  INFO 16296 --- [restartedMain] com.zaxxer.hikari.pool.HikariPool        : HikariPool-1 - Added connection com.mysql.cj.jdbc.ConnectionImpl@514c230e
2023-08-30T12:57:19.200-05:00  INFO 16296 --- [restartedMain] com.zaxxer.hikari.HikariDataSource       : HikariPool-1 - Start completed.
2023-08-30T12:57:19.285-05:00  INFO 16296 --- [restartedMain] o.hibernate.jpa.internal.util.LogHelper  : HHH000204: Processing PersistenceUnitInfo [name: default]
2023-08-30T12:57:19.322-05:00  INFO 16296 --- [restartedMain] org.hibernate.Version                    : HHH000412: Hibernate ORM core version 6.1.7.Final
2023-08-30T12:57:19.598-05:00  INFO 16296 --- [restartedMain] SQL dialect                              : HHH000400: Using dialect: org.hibernate.dialect.MySQLDialect
2023-08-30T12:57:20.289-05:00  INFO 16296 --- [restartedMain] o.h.e.t.j.p.i.JtaPlatformInitiator       : HHH000490: Using JtaPlatform implementation: [org.hibernate.engine.transaction.jta.platform.internal.NoJtaPlatform]
2023-08-30T12:57:20.295-05:00  INFO 16296 --- [restartedMain] j.LocalContainerEntityManagerFactoryBean : Initialized JPA EntityManagerFactory for persistence unit 'default'
2023-08-30T12:57:20.542-05:00  INFO 16296 --- [restartedMain] o.s.d.j.r.query.QueryEnhancerFactory     : Hibernate is in classpath; If applicable, HQL parser will be used.
2023-08-30T12:57:20.709-05:00  WARN 16296 --- [restartedMain] JpaBaseConfiguration$JpaWebConfiguration : spring.jpa.open-in-view is enabled by default. Therefore, database queries may be performed during view rendering. Explicitly configure spring.jpa.open-in-view to disable this warning
2023-08-30T12:57:20.790-05:00  INFO 16296 --- [restartedMain] o.s.s.web.DefaultSecurityFilterChain     : Will secure any request with [org.springframework.security.web.session.DisableEncodeUrlFilter@3460bb15, org.springframework.security.web.context.request.async.WebAsyncManagerIntegrationFilter@975860b, org.springframework.security.web.context.SecurityContextHolderFilter@62dc3871, org.springframework.security.web.header.HeaderWriterFilter@3b14fea7, org.springframework.security.web.authentication.logout.LogoutFilter@290f4d0d, org.springframework.security.web.authentication.UsernamePasswordAuthenticationFilter@1884baef, org.springframework.security.web.savedrequest.RequestCacheAwareFilter@49c1f5e3, org.springframework.security.web.servletapi.SecurityContextHolderAwareRequestFilter@297c0571, org.springframework.security.web.authentication.AnonymousAuthenticationFilter@349b0608, org.springframework.security.web.access.ExceptionTranslationFilter@36a04919, org.springframework.security.web.access.intercept.AuthorizationFilter@19748b91]
2023-08-30T12:57:21.336-05:00  INFO 16296 --- [restartedMain] o.s.b.d.a.OptionalLiveReloadServer       : LiveReload server is running on port 35729
2023-08-30T12:57:21.343-05:00  INFO 16296 --- [restartedMain] o.s.b.a.e.web.EndpointLinksResolver      : Exposing 1 endpoint(s) beneath base path '/actuator'
2023-08-30T12:57:21.395-05:00  INFO 16296 --- [restartedMain] o.s.b.w.embedded.tomcat.TomcatWebServer  : Tomcat started on port(s): 8081 (http) with context path ''
2023-08-30T12:57:21.406-05:00  INFO 16296 --- [restartedMain] o.s.FieldDay.FieldDayApplication         : Started FieldDayApplication in 4.782 seconds (process running for 5.17)
2023-08-30T12:57:24.649-05:00  INFO 16296 --- [http-nio-8081-exec-1] o.a.c.c.C.[Tomcat].[localhost].[/]       : Initializing Spring DispatcherServlet 'dispatcherServlet'
2023-08-30T12:57:24.649-05:00  INFO 16296 --- [http-nio-8081-exec-1] o.s.web.servlet.DispatcherServlet        : Initializing Servlet 'dispatcherServlet'
2023-08-30T12:57:24.650-05:00  INFO 16296 --- [http-nio-8081-exec-1] o.s.web.servlet.DispatcherServlet        : Completed initialization in 1 ms
2023-08-30T12:58:23.270-05:00  INFO 16296 --- [SpringApplicationShutdownHook] j.LocalContainerEntityManagerFactoryBean : Closing JPA EntityManagerFactory for persistence unit 'default'
2023-08-30T12:58:23.273-05:00  INFO 16296 --- [SpringApplicationShutdownHook] com.zaxxer.hikari.HikariDataSource       : HikariPool-1 - Shutdown initiated...
2023-08-30T12:58:23.276-05:00  INFO 16296 --- [SpringApplicationShutdownHook] com.zaxxer.hikari.HikariDataSource       : HikariPool-1 - Shutdown completed.
2023-08-30T12:58:24.920-05:00  INFO 14700 --- [restartedMain] o.s.FieldDay.FieldDayApplication         : Starting FieldDayApplication using Java 20.0.1 with PID 14700 (C:\Users\seanc\intellij-workspace\FieldDay\target\classes started by seanc in C:\Users\seanc\intellij-workspace\FieldDay)
2023-08-30T12:58:24.921-05:00  INFO 14700 --- [restartedMain] o.s.FieldDay.FieldDayApplication         : No active profile set, falling back to 1 default profile: "default"
2023-08-30T12:58:24.955-05:00  INFO 14700 --- [restartedMain] .e.DevToolsPropertyDefaultsPostProcessor : Devtools property defaults active! Set 'spring.devtools.add-properties' to 'false' to disable
2023-08-30T12:58:24.956-05:00  INFO 14700 --- [restartedMain] .e.DevToolsPropertyDefaultsPostProcessor : For additional web related logging consider setting the 'logging.level.web' property to 'DEBUG'
2023-08-30T12:58:25.671-05:00  INFO 14700 --- [restartedMain] .s.d.r.c.RepositoryConfigurationDelegate : Multiple Spring Data modules found, entering strict repository configuration mode
2023-08-30T12:58:25.672-05:00  INFO 14700 --- [restartedMain] .s.d.r.c.RepositoryConfigurationDelegate : Bootstrapping Spring Data JDBC repositories in DEFAULT mode.
2023-08-30T12:58:25.695-05:00  INFO 14700 --- [restartedMain] .RepositoryConfigurationExtensionSupport : Spring Data JDBC - Could not safely identify store assignment for repository candidate interface org.seancorbett.FieldDay.repository.EventRepository; If you want this repository to be a JDBC repository, consider annotating your entities with one of these annotations: org.springframework.data.relational.core.mapping.Table.
2023-08-30T12:58:25.697-05:00  INFO 14700 --- [restartedMain] .RepositoryConfigurationExtensionSupport : Spring Data JDBC - Could not safely identify store assignment for repository candidate interface org.seancorbett.FieldDay.repository.HostRepository; If you want this repository to be a JDBC repository, consider annotating your entities with one of these annotations: org.springframework.data.relational.core.mapping.Table.
2023-08-30T12:58:25.698-05:00  INFO 14700 --- [restartedMain] .RepositoryConfigurationExtensionSupport : Spring Data JDBC - Could not safely identify store assignment for repository candidate interface org.seancorbett.FieldDay.repository.RoleRepository; If you want this repository to be a JDBC repository, consider annotating your entities with one of these annotations: org.springframework.data.relational.core.mapping.Table.
2023-08-30T12:58:25.699-05:00  INFO 14700 --- [restartedMain] .RepositoryConfigurationExtensionSupport : Spring Data JDBC - Could not safely identify store assignment for repository candidate interface org.seancorbett.FieldDay.repository.UserRepository; If you want this repository to be a JDBC repository, consider annotating your entities with one of these annotations: org.springframework.data.relational.core.mapping.Table.
2023-08-30T12:58:25.700-05:00  INFO 14700 --- [restartedMain] .s.d.r.c.RepositoryConfigurationDelegate : Finished Spring Data repository scanning in 25 ms. Found 0 JDBC repository interfaces.
2023-08-30T12:58:25.707-05:00  INFO 14700 --- [restartedMain] .s.d.r.c.RepositoryConfigurationDelegate : Multiple Spring Data modules found, entering strict repository configuration mode
2023-08-30T12:58:25.708-05:00  INFO 14700 --- [restartedMain] .s.d.r.c.RepositoryConfigurationDelegate : Bootstrapping Spring Data JPA repositories in DEFAULT mode.
2023-08-30T12:58:25.735-05:00  INFO 14700 --- [restartedMain] .s.d.r.c.RepositoryConfigurationDelegate : Finished Spring Data repository scanning in 24 ms. Found 4 JPA repository interfaces.
2023-08-30T12:58:25.997-05:00  INFO 14700 --- [restartedMain] trationDelegate$BeanPostProcessorChecker : Bean 'org.springframework.ws.config.annotation.DelegatingWsConfiguration' of type [org.springframework.ws.config.annotation.DelegatingWsConfiguration$$SpringCGLIB$$0] is not eligible for getting processed by all BeanPostProcessors (for example: not eligible for auto-proxying)
2023-08-30T12:58:26.024-05:00  INFO 14700 --- [restartedMain] .w.s.a.s.AnnotationActionEndpointMapping : Supporting [WS-Addressing August 2004, WS-Addressing 1.0]
2023-08-30T12:58:26.426-05:00  INFO 14700 --- [restartedMain] o.s.b.w.embedded.tomcat.TomcatWebServer  : Tomcat initialized with port(s): 8081 (http)
2023-08-30T12:58:26.438-05:00  INFO 14700 --- [restartedMain] o.apache.catalina.core.StandardService   : Starting service [Tomcat]
2023-08-30T12:58:26.439-05:00  INFO 14700 --- [restartedMain] o.apache.catalina.core.StandardEngine    : Starting Servlet engine: [Apache Tomcat/10.1.11]
2023-08-30T12:58:26.492-05:00  INFO 14700 --- [restartedMain] o.a.c.c.C.[Tomcat].[localhost].[/]       : Initializing Spring embedded WebApplicationContext
2023-08-30T12:58:26.493-05:00  INFO 14700 --- [restartedMain] w.s.c.ServletWebServerApplicationContext : Root WebApplicationContext: initialization completed in 1537 ms
2023-08-30T12:58:26.718-05:00  INFO 14700 --- [restartedMain] com.zaxxer.hikari.HikariDataSource       : HikariPool-1 - Starting...
2023-08-30T12:58:27.035-05:00  INFO 14700 --- [restartedMain] com.zaxxer.hikari.pool.HikariPool        : HikariPool-1 - Added connection com.mysql.cj.jdbc.ConnectionImpl@224d1c3f
2023-08-30T12:58:27.037-05:00  INFO 14700 --- [restartedMain] com.zaxxer.hikari.HikariDataSource       : HikariPool-1 - Start completed.
2023-08-30T12:58:27.116-05:00  INFO 14700 --- [restartedMain] o.hibernate.jpa.internal.util.LogHelper  : HHH000204: Processing PersistenceUnitInfo [name: default]
2023-08-30T12:58:27.148-05:00  INFO 14700 --- [restartedMain] org.hibernate.Version                    : HHH000412: Hibernate ORM core version 6.1.7.Final
2023-08-30T12:58:27.410-05:00  INFO 14700 --- [restartedMain] SQL dialect                              : HHH000400: Using dialect: org.hibernate.dialect.MySQLDialect
2023-08-30T12:58:28.050-05:00  INFO 14700 --- [restartedMain] o.h.e.t.j.p.i.JtaPlatformInitiator       : HHH000490: Using JtaPlatform implementation: [org.hibernate.engine.transaction.jta.platform.internal.NoJtaPlatform]
2023-08-30T12:58:28.057-05:00  INFO 14700 --- [restartedMain] j.LocalContainerEntityManagerFactoryBean : Initialized JPA EntityManagerFactory for persistence unit 'default'
2023-08-30T12:58:28.289-05:00  INFO 14700 --- [restartedMain] o.s.d.j.r.query.QueryEnhancerFactory     : Hibernate is in classpath; If applicable, HQL parser will be used.
2023-08-30T12:58:28.441-05:00  WARN 14700 --- [restartedMain] JpaBaseConfiguration$JpaWebConfiguration : spring.jpa.open-in-view is enabled by default. Therefore, database queries may be performed during view rendering. Explicitly configure spring.jpa.open-in-view to disable this warning
2023-08-30T12:58:28.516-05:00  INFO 14700 --- [restartedMain] o.s.s.web.DefaultSecurityFilterChain     : Will secure any request with [org.springframework.security.web.session.DisableEncodeUrlFilter@66c0f199, org.springframework.security.web.context.request.async.WebAsyncManagerIntegrationFilter@b19701c, org.springframework.security.web.context.SecurityContextHolderFilter@3e11ff8d, org.springframework.security.web.header.HeaderWriterFilter@7dbb0c29, org.springframework.security.web.authentication.logout.LogoutFilter@2e494604, org.springframework.security.web.authentication.UsernamePasswordAuthenticationFilter@2077eb5f, org.springframework.security.web.savedrequest.RequestCacheAwareFilter@4410bfee, org.springframework.security.web.servletapi.SecurityContextHolderAwareRequestFilter@2b13377, org.springframework.security.web.authentication.AnonymousAuthenticationFilter@14ab4f33, org.springframework.security.web.access.ExceptionTranslationFilter@29b59663, org.springframework.security.web.access.intercept.AuthorizationFilter@157f1964]
2023-08-30T12:58:29.042-05:00  INFO 14700 --- [restartedMain] o.s.b.d.a.OptionalLiveReloadServer       : LiveReload server is running on port 35729
2023-08-30T12:58:29.048-05:00  INFO 14700 --- [restartedMain] o.s.b.a.e.web.EndpointLinksResolver      : Exposing 1 endpoint(s) beneath base path '/actuator'
2023-08-30T12:58:29.103-05:00  INFO 14700 --- [restartedMain] o.s.b.w.embedded.tomcat.TomcatWebServer  : Tomcat started on port(s): 8081 (http) with context path ''
2023-08-30T12:58:29.114-05:00  INFO 14700 --- [restartedMain] o.s.FieldDay.FieldDayApplication         : Started FieldDayApplication in 4.55 seconds (process running for 4.927)
2023-08-30T12:58:33.765-05:00  INFO 14700 --- [http-nio-8081-exec-1] o.a.c.c.C.[Tomcat].[localhost].[/]       : Initializing Spring DispatcherServlet 'dispatcherServlet'
2023-08-30T12:58:33.765-05:00  INFO 14700 --- [http-nio-8081-exec-1] o.s.web.servlet.DispatcherServlet        : Initializing Servlet 'dispatcherServlet'
2023-08-30T12:58:33.766-05:00  INFO 14700 --- [http-nio-8081-exec-1] o.s.web.servlet.DispatcherServlet        : Completed initialization in 1 ms
2023-08-30T12:59:55.367-05:00  INFO 14700 --- [SpringApplicationShutdownHook] j.LocalContainerEntityManagerFactoryBean : Closing JPA EntityManagerFactory for persistence unit 'default'
2023-08-30T12:59:55.371-05:00  INFO 14700 --- [SpringApplicationShutdownHook] com.zaxxer.hikari.HikariDataSource       : HikariPool-1 - Shutdown initiated...
2023-08-30T12:59:55.375-05:00  INFO 14700 --- [SpringApplicationShutdownHook] com.zaxxer.hikari.HikariDataSource       : HikariPool-1 - Shutdown completed.
2023-08-30T12:59:56.991-05:00  INFO 33828 --- [restartedMain] o.s.FieldDay.FieldDayApplication         : Starting FieldDayApplication using Java 20.0.1 with PID 33828 (C:\Users\seanc\intellij-workspace\FieldDay\target\classes started by seanc in C:\Users\seanc\intellij-workspace\FieldDay)
2023-08-30T12:59:56.992-05:00  INFO 33828 --- [restartedMain] o.s.FieldDay.FieldDayApplication         : No active profile set, falling back to 1 default profile: "default"
2023-08-30T12:59:57.029-05:00  INFO 33828 --- [restartedMain] .e.DevToolsPropertyDefaultsPostProcessor : Devtools property defaults active! Set 'spring.devtools.add-properties' to 'false' to disable
2023-08-30T12:59:57.030-05:00  INFO 33828 --- [restartedMain] .e.DevToolsPropertyDefaultsPostProcessor : For additional web related logging consider setting the 'logging.level.web' property to 'DEBUG'
2023-08-30T12:59:57.767-05:00  INFO 33828 --- [restartedMain] .s.d.r.c.RepositoryConfigurationDelegate : Multiple Spring Data modules found, entering strict repository configuration mode
2023-08-30T12:59:57.768-05:00  INFO 33828 --- [restartedMain] .s.d.r.c.RepositoryConfigurationDelegate : Bootstrapping Spring Data JDBC repositories in DEFAULT mode.
2023-08-30T12:59:57.796-05:00  INFO 33828 --- [restartedMain] .RepositoryConfigurationExtensionSupport : Spring Data JDBC - Could not safely identify store assignment for repository candidate interface org.seancorbett.FieldDay.repository.EventRepository; If you want this repository to be a JDBC repository, consider annotating your entities with one of these annotations: org.springframework.data.relational.core.mapping.Table.
2023-08-30T12:59:57.797-05:00  INFO 33828 --- [restartedMain] .RepositoryConfigurationExtensionSupport : Spring Data JDBC - Could not safely identify store assignment for repository candidate interface org.seancorbett.FieldDay.repository.HostRepository; If you want this repository to be a JDBC repository, consider annotating your entities with one of these annotations: org.springframework.data.relational.core.mapping.Table.
2023-08-30T12:59:57.798-05:00  INFO 33828 --- [restartedMain] .RepositoryConfigurationExtensionSupport : Spring Data JDBC - Could not safely identify store assignment for repository candidate interface org.seancorbett.FieldDay.repository.RoleRepository; If you want this repository to be a JDBC repository, consider annotating your entities with one of these annotations: org.springframework.data.relational.core.mapping.Table.
2023-08-30T12:59:57.799-05:00  INFO 33828 --- [restartedMain] .RepositoryConfigurationExtensionSupport : Spring Data JDBC - Could not safely identify store assignment for repository candidate interface org.seancorbett.FieldDay.repository.UserRepository; If you want this repository to be a JDBC repository, consider annotating your entities with one of these annotations: org.springframework.data.relational.core.mapping.Table.
2023-08-30T12:59:57.800-05:00  INFO 33828 --- [restartedMain] .s.d.r.c.RepositoryConfigurationDelegate : Finished Spring Data repository scanning in 28 ms. Found 0 JDBC repository interfaces.
2023-08-30T12:59:57.808-05:00  INFO 33828 --- [restartedMain] .s.d.r.c.RepositoryConfigurationDelegate : Multiple Spring Data modules found, entering strict repository configuration mode
2023-08-30T12:59:57.808-05:00  INFO 33828 --- [restartedMain] .s.d.r.c.RepositoryConfigurationDelegate : Bootstrapping Spring Data JPA repositories in DEFAULT mode.
2023-08-30T12:59:57.833-05:00  INFO 33828 --- [restartedMain] .s.d.r.c.RepositoryConfigurationDelegate : Finished Spring Data repository scanning in 22 ms. Found 4 JPA repository interfaces.
2023-08-30T12:59:58.088-05:00  INFO 33828 --- [restartedMain] trationDelegate$BeanPostProcessorChecker : Bean 'org.springframework.ws.config.annotation.DelegatingWsConfiguration' of type [org.springframework.ws.config.annotation.DelegatingWsConfiguration$$SpringCGLIB$$0] is not eligible for getting processed by all BeanPostProcessors (for example: not eligible for auto-proxying)
2023-08-30T12:59:58.116-05:00  INFO 33828 --- [restartedMain] .w.s.a.s.AnnotationActionEndpointMapping : Supporting [WS-Addressing August 2004, WS-Addressing 1.0]
2023-08-30T12:59:58.526-05:00  INFO 33828 --- [restartedMain] o.s.b.w.embedded.tomcat.TomcatWebServer  : Tomcat initialized with port(s): 8081 (http)
2023-08-30T12:59:58.535-05:00  INFO 33828 --- [restartedMain] o.apache.catalina.core.StandardService   : Starting service [Tomcat]
2023-08-30T12:59:58.535-05:00  INFO 33828 --- [restartedMain] o.apache.catalina.core.StandardEngine    : Starting Servlet engine: [Apache Tomcat/10.1.11]
2023-08-30T12:59:58.584-05:00  INFO 33828 --- [restartedMain] o.a.c.c.C.[Tomcat].[localhost].[/]       : Initializing Spring embedded WebApplicationContext
2023-08-30T12:59:58.584-05:00  INFO 33828 --- [restartedMain] w.s.c.ServletWebServerApplicationContext : Root WebApplicationContext: initialization completed in 1554 ms
2023-08-30T12:59:58.814-05:00  INFO 33828 --- [restartedMain] com.zaxxer.hikari.HikariDataSource       : HikariPool-1 - Starting...
2023-08-30T12:59:59.084-05:00  INFO 33828 --- [restartedMain] com.zaxxer.hikari.pool.HikariPool        : HikariPool-1 - Added connection com.mysql.cj.jdbc.ConnectionImpl@30a25085
2023-08-30T12:59:59.087-05:00  INFO 33828 --- [restartedMain] com.zaxxer.hikari.HikariDataSource       : HikariPool-1 - Start completed.
2023-08-30T12:59:59.176-05:00  INFO 33828 --- [restartedMain] o.hibernate.jpa.internal.util.LogHelper  : HHH000204: Processing PersistenceUnitInfo [name: default]
2023-08-30T12:59:59.213-05:00  INFO 33828 --- [restartedMain] org.hibernate.Version                    : HHH000412: Hibernate ORM core version 6.1.7.Final
2023-08-30T12:59:59.511-05:00  INFO 33828 --- [restartedMain] SQL dialect                              : HHH000400: Using dialect: org.hibernate.dialect.MySQLDialect
2023-08-30T13:00:00.192-05:00  INFO 33828 --- [restartedMain] o.h.e.t.j.p.i.JtaPlatformInitiator       : HHH000490: Using JtaPlatform implementation: [org.hibernate.engine.transaction.jta.platform.internal.NoJtaPlatform]
2023-08-30T13:00:00.200-05:00  INFO 33828 --- [restartedMain] j.LocalContainerEntityManagerFactoryBean : Initialized JPA EntityManagerFactory for persistence unit 'default'
2023-08-30T13:00:00.474-05:00  INFO 33828 --- [restartedMain] o.s.d.j.r.query.QueryEnhancerFactory     : Hibernate is in classpath; If applicable, HQL parser will be used.
2023-08-30T13:00:00.668-05:00  WARN 33828 --- [restartedMain] JpaBaseConfiguration$JpaWebConfiguration : spring.jpa.open-in-view is enabled by default. Therefore, database queries may be performed during view rendering. Explicitly configure spring.jpa.open-in-view to disable this warning
2023-08-30T13:00:00.752-05:00  INFO 33828 --- [restartedMain] o.s.s.web.DefaultSecurityFilterChain     : Will secure any request with [org.springframework.security.web.session.DisableEncodeUrlFilter@79dd227, org.springframework.security.web.context.request.async.WebAsyncManagerIntegrationFilter@57312303, org.springframework.security.web.context.SecurityContextHolderFilter@476e5b58, org.springframework.security.web.header.HeaderWriterFilter@19628099, org.springframework.security.web.authentication.logout.LogoutFilter@40f512f5, org.springframework.security.web.authentication.UsernamePasswordAuthenticationFilter@b7e34d8, org.springframework.security.web.savedrequest.RequestCacheAwareFilter@73419fd3, org.springframework.security.web.servletapi.SecurityContextHolderAwareRequestFilter@29b59663, org.springframework.security.web.authentication.AnonymousAuthenticationFilter@2d1315c9, org.springframework.security.web.access.ExceptionTranslationFilter@570db382, org.springframework.security.web.access.intercept.AuthorizationFilter@42924dca]
2023-08-30T13:00:01.341-05:00  INFO 33828 --- [restartedMain] o.s.b.d.a.OptionalLiveReloadServer       : LiveReload server is running on port 35729
2023-08-30T13:00:01.348-05:00  INFO 33828 --- [restartedMain] o.s.b.a.e.web.EndpointLinksResolver      : Exposing 1 endpoint(s) beneath base path '/actuator'
2023-08-30T13:00:01.399-05:00  INFO 33828 --- [restartedMain] o.s.b.w.embedded.tomcat.TomcatWebServer  : Tomcat started on port(s): 8081 (http) with context path ''
2023-08-30T13:00:01.410-05:00  INFO 33828 --- [restartedMain] o.s.FieldDay.FieldDayApplication         : Started FieldDayApplication in 4.801 seconds (process running for 5.179)
2023-08-30T13:00:09.300-05:00  INFO 33828 --- [http-nio-8081-exec-1] o.a.c.c.C.[Tomcat].[localhost].[/]       : Initializing Spring DispatcherServlet 'dispatcherServlet'
2023-08-30T13:00:09.300-05:00  INFO 33828 --- [http-nio-8081-exec-1] o.s.web.servlet.DispatcherServlet        : Initializing Servlet 'dispatcherServlet'
2023-08-30T13:00:09.301-05:00  INFO 33828 --- [http-nio-8081-exec-1] o.s.web.servlet.DispatcherServlet        : Completed initialization in 0 ms
2023-08-30T13:01:20.118-05:00  INFO 33828 --- [SpringApplicationShutdownHook] j.LocalContainerEntityManagerFactoryBean : Closing JPA EntityManagerFactory for persistence unit 'default'
2023-08-30T13:01:20.121-05:00  INFO 33828 --- [SpringApplicationShutdownHook] com.zaxxer.hikari.HikariDataSource       : HikariPool-1 - Shutdown initiated...
2023-08-30T13:01:20.125-05:00  INFO 33828 --- [SpringApplicationShutdownHook] com.zaxxer.hikari.HikariDataSource       : HikariPool-1 - Shutdown completed.
2023-08-30T13:01:21.736-05:00  INFO 15584 --- [restartedMain] o.s.FieldDay.FieldDayApplication         : Starting FieldDayApplication using Java 20.0.1 with PID 15584 (C:\Users\seanc\intellij-workspace\FieldDay\target\classes started by seanc in C:\Users\seanc\intellij-workspace\FieldDay)
2023-08-30T13:01:21.737-05:00  INFO 15584 --- [restartedMain] o.s.FieldDay.FieldDayApplication         : No active profile set, falling back to 1 default profile: "default"
2023-08-30T13:01:21.773-05:00  INFO 15584 --- [restartedMain] .e.DevToolsPropertyDefaultsPostProcessor : Devtools property defaults active! Set 'spring.devtools.add-properties' to 'false' to disable
2023-08-30T13:01:21.773-05:00  INFO 15584 --- [restartedMain] .e.DevToolsPropertyDefaultsPostProcessor : For additional web related logging consider setting the 'logging.level.web' property to 'DEBUG'
2023-08-30T13:01:22.505-05:00  INFO 15584 --- [restartedMain] .s.d.r.c.RepositoryConfigurationDelegate : Multiple Spring Data modules found, entering strict repository configuration mode
2023-08-30T13:01:22.506-05:00  INFO 15584 --- [restartedMain] .s.d.r.c.RepositoryConfigurationDelegate : Bootstrapping Spring Data JDBC repositories in DEFAULT mode.
2023-08-30T13:01:22.535-05:00  INFO 15584 --- [restartedMain] .RepositoryConfigurationExtensionSupport : Spring Data JDBC - Could not safely identify store assignment for repository candidate interface org.seancorbett.FieldDay.repository.EventRepository; If you want this repository to be a JDBC repository, consider annotating your entities with one of these annotations: org.springframework.data.relational.core.mapping.Table.
2023-08-30T13:01:22.537-05:00  INFO 15584 --- [restartedMain] .RepositoryConfigurationExtensionSupport : Spring Data JDBC - Could not safely identify store assignment for repository candidate interface org.seancorbett.FieldDay.repository.HostRepository; If you want this repository to be a JDBC repository, consider annotating your entities with one of these annotations: org.springframework.data.relational.core.mapping.Table.
2023-08-30T13:01:22.538-05:00  INFO 15584 --- [restartedMain] .RepositoryConfigurationExtensionSupport : Spring Data JDBC - Could not safely identify store assignment for repository candidate interface org.seancorbett.FieldDay.repository.RoleRepository; If you want this repository to be a JDBC repository, consider annotating your entities with one of these annotations: org.springframework.data.relational.core.mapping.Table.
2023-08-30T13:01:22.539-05:00  INFO 15584 --- [restartedMain] .RepositoryConfigurationExtensionSupport : Spring Data JDBC - Could not safely identify store assignment for repository candidate interface org.seancorbett.FieldDay.repository.UserRepository; If you want this repository to be a JDBC repository, consider annotating your entities with one of these annotations: org.springframework.data.relational.core.mapping.Table.
2023-08-30T13:01:22.539-05:00  INFO 15584 --- [restartedMain] .s.d.r.c.RepositoryConfigurationDelegate : Finished Spring Data repository scanning in 29 ms. Found 0 JDBC repository interfaces.
2023-08-30T13:01:22.546-05:00  INFO 15584 --- [restartedMain] .s.d.r.c.RepositoryConfigurationDelegate : Multiple Spring Data modules found, entering strict repository configuration mode
2023-08-30T13:01:22.547-05:00  INFO 15584 --- [restartedMain] .s.d.r.c.RepositoryConfigurationDelegate : Bootstrapping Spring Data JPA repositories in DEFAULT mode.
2023-08-30T13:01:22.571-05:00  INFO 15584 --- [restartedMain] .s.d.r.c.RepositoryConfigurationDelegate : Finished Spring Data repository scanning in 21 ms. Found 4 JPA repository interfaces.
2023-08-30T13:01:22.822-05:00  INFO 15584 --- [restartedMain] trationDelegate$BeanPostProcessorChecker : Bean 'org.springframework.ws.config.annotation.DelegatingWsConfiguration' of type [org.springframework.ws.config.annotation.DelegatingWsConfiguration$$SpringCGLIB$$0] is not eligible for getting processed by all BeanPostProcessors (for example: not eligible for auto-proxying)
2023-08-30T13:01:22.849-05:00  INFO 15584 --- [restartedMain] .w.s.a.s.AnnotationActionEndpointMapping : Supporting [WS-Addressing August 2004, WS-Addressing 1.0]
2023-08-30T13:01:23.232-05:00  INFO 15584 --- [restartedMain] o.s.b.w.embedded.tomcat.TomcatWebServer  : Tomcat initialized with port(s): 8081 (http)
2023-08-30T13:01:23.242-05:00  INFO 15584 --- [restartedMain] o.apache.catalina.core.StandardService   : Starting service [Tomcat]
2023-08-30T13:01:23.243-05:00  INFO 15584 --- [restartedMain] o.apache.catalina.core.StandardEngine    : Starting Servlet engine: [Apache Tomcat/10.1.11]
2023-08-30T13:01:23.291-05:00  INFO 15584 --- [restartedMain] o.a.c.c.C.[Tomcat].[localhost].[/]       : Initializing Spring embedded WebApplicationContext
2023-08-30T13:01:23.292-05:00  INFO 15584 --- [restartedMain] w.s.c.ServletWebServerApplicationContext : Root WebApplicationContext: initialization completed in 1519 ms
2023-08-30T13:01:23.514-05:00  INFO 15584 --- [restartedMain] com.zaxxer.hikari.HikariDataSource       : HikariPool-1 - Starting...
2023-08-30T13:01:23.822-05:00  INFO 15584 --- [restartedMain] com.zaxxer.hikari.pool.HikariPool        : HikariPool-1 - Added connection com.mysql.cj.jdbc.ConnectionImpl@1eb93623
2023-08-30T13:01:23.823-05:00  INFO 15584 --- [restartedMain] com.zaxxer.hikari.HikariDataSource       : HikariPool-1 - Start completed.
2023-08-30T13:01:23.901-05:00  INFO 15584 --- [restartedMain] o.hibernate.jpa.internal.util.LogHelper  : HHH000204: Processing PersistenceUnitInfo [name: default]
2023-08-30T13:01:23.939-05:00  INFO 15584 --- [restartedMain] org.hibernate.Version                    : HHH000412: Hibernate ORM core version 6.1.7.Final
2023-08-30T13:01:24.241-05:00  INFO 15584 --- [restartedMain] SQL dialect                              : HHH000400: Using dialect: org.hibernate.dialect.MySQLDialect
2023-08-30T13:01:24.904-05:00  INFO 15584 --- [restartedMain] o.h.e.t.j.p.i.JtaPlatformInitiator       : HHH000490: Using JtaPlatform implementation: [org.hibernate.engine.transaction.jta.platform.internal.NoJtaPlatform]
2023-08-30T13:01:24.916-05:00  INFO 15584 --- [restartedMain] j.LocalContainerEntityManagerFactoryBean : Initialized JPA EntityManagerFactory for persistence unit 'default'
2023-08-30T13:01:25.180-05:00  INFO 15584 --- [restartedMain] o.s.d.j.r.query.QueryEnhancerFactory     : Hibernate is in classpath; If applicable, HQL parser will be used.
2023-08-30T13:01:25.330-05:00  WARN 15584 --- [restartedMain] JpaBaseConfiguration$JpaWebConfiguration : spring.jpa.open-in-view is enabled by default. Therefore, database queries may be performed during view rendering. Explicitly configure spring.jpa.open-in-view to disable this warning
2023-08-30T13:01:25.413-05:00  INFO 15584 --- [restartedMain] o.s.s.web.DefaultSecurityFilterChain     : Will secure any request with [org.springframework.security.web.session.DisableEncodeUrlFilter@7e209fe1, org.springframework.security.web.context.request.async.WebAsyncManagerIntegrationFilter@34406b27, org.springframework.security.web.context.SecurityContextHolderFilter@2de10664, org.springframework.security.web.header.HeaderWriterFilter@79517947, org.springframework.security.web.authentication.logout.LogoutFilter@34fc28d8, org.springframework.security.web.authentication.UsernamePasswordAuthenticationFilter@3bfe9963, org.springframework.security.web.savedrequest.RequestCacheAwareFilter@7c2f23c6, org.springframework.security.web.servletapi.SecurityContextHolderAwareRequestFilter@3f4b6ff5, org.springframework.security.web.authentication.AnonymousAuthenticationFilter@7bbac94d, org.springframework.security.web.access.ExceptionTranslationFilter@64dd6fe4, org.springframework.security.web.access.intercept.AuthorizationFilter@6ce4d9c3]
2023-08-30T13:01:25.953-05:00  INFO 15584 --- [restartedMain] o.s.b.d.a.OptionalLiveReloadServer       : LiveReload server is running on port 35729
2023-08-30T13:01:25.958-05:00  INFO 15584 --- [restartedMain] o.s.b.a.e.web.EndpointLinksResolver      : Exposing 1 endpoint(s) beneath base path '/actuator'
2023-08-30T13:01:26.007-05:00  INFO 15584 --- [restartedMain] o.s.b.w.embedded.tomcat.TomcatWebServer  : Tomcat started on port(s): 8081 (http) with context path ''
2023-08-30T13:01:26.017-05:00  INFO 15584 --- [restartedMain] o.s.FieldDay.FieldDayApplication         : Started FieldDayApplication in 4.658 seconds (process running for 5.029)
2023-08-30T13:01:34.525-05:00  INFO 15584 --- [http-nio-8081-exec-1] o.a.c.c.C.[Tomcat].[localhost].[/]       : Initializing Spring DispatcherServlet 'dispatcherServlet'
2023-08-30T13:01:34.525-05:00  INFO 15584 --- [http-nio-8081-exec-1] o.s.web.servlet.DispatcherServlet        : Initializing Servlet 'dispatcherServlet'
2023-08-30T13:01:34.526-05:00  INFO 15584 --- [http-nio-8081-exec-1] o.s.web.servlet.DispatcherServlet        : Completed initialization in 1 ms
2023-08-30T13:03:23.007-05:00  WARN 15584 --- [http-nio-8081-exec-7] .w.s.m.s.DefaultHandlerExceptionResolver : Resolved [org.springframework.web.method.annotation.MethodArgumentTypeMismatchException: Failed to convert value of type 'java.lang.String' to required type 'int'; For input string: "app.js"]
2023-08-30T16:20:33.571-05:00  INFO 15584 --- [SpringApplicationShutdownHook] j.LocalContainerEntityManagerFactoryBean : Closing JPA EntityManagerFactory for persistence unit 'default'
2023-08-30T16:20:33.580-05:00  INFO 15584 --- [SpringApplicationShutdownHook] com.zaxxer.hikari.HikariDataSource       : HikariPool-1 - Shutdown initiated...
2023-08-30T16:20:33.584-05:00  INFO 15584 --- [SpringApplicationShutdownHook] com.zaxxer.hikari.HikariDataSource       : HikariPool-1 - Shutdown completed.
